ARM GAS  /tmp/ccsuOu7Y.s 			page 1


   1              		.cpu cortex-m4
   2              		.arch armv7e-m
   3              		.fpu softvfp
   4              		.eabi_attribute 20, 1
   5              		.eabi_attribute 21, 1
   6              		.eabi_attribute 23, 3
   7              		.eabi_attribute 24, 1
   8              		.eabi_attribute 25, 1
   9              		.eabi_attribute 26, 1
  10              		.eabi_attribute 30, 1
  11              		.eabi_attribute 34, 1
  12              		.eabi_attribute 18, 4
  13              		.file	"gd32f30x_exti.c"
  14              		.text
  15              	.Ltext0:
  16              		.cfi_sections	.debug_frame
  17              		.section	.text.exti_deinit,"ax",%progbits
  18              		.align	1
  19              		.global	exti_deinit
  20              		.syntax unified
  21              		.thumb
  22              		.thumb_func
  24              	exti_deinit:
  25              	.LFB116:
  26              		.file 1 "Drivers/GD32F30x_standard_peripheral/Source/gd32f30x_exti.c"
   1:Drivers/GD32F30x_standard_peripheral/Source/gd32f30x_exti.c **** /*!
   2:Drivers/GD32F30x_standard_peripheral/Source/gd32f30x_exti.c ****     \file    gd32f30x_exti.c
   3:Drivers/GD32F30x_standard_peripheral/Source/gd32f30x_exti.c ****     \brief   EXTI driver
   4:Drivers/GD32F30x_standard_peripheral/Source/gd32f30x_exti.c **** 
   5:Drivers/GD32F30x_standard_peripheral/Source/gd32f30x_exti.c ****     \version 2017-02-10, V1.0.0, firmware for GD32F30x
   6:Drivers/GD32F30x_standard_peripheral/Source/gd32f30x_exti.c ****     \version 2018-10-10, V1.1.0, firmware for GD32F30x
   7:Drivers/GD32F30x_standard_peripheral/Source/gd32f30x_exti.c ****     \version 2018-12-25, V2.0.0, firmware for GD32F30x
   8:Drivers/GD32F30x_standard_peripheral/Source/gd32f30x_exti.c ****     \version 2020-09-30, V2.1.0, firmware for GD32F30x
   9:Drivers/GD32F30x_standard_peripheral/Source/gd32f30x_exti.c **** */
  10:Drivers/GD32F30x_standard_peripheral/Source/gd32f30x_exti.c **** 
  11:Drivers/GD32F30x_standard_peripheral/Source/gd32f30x_exti.c **** /*
  12:Drivers/GD32F30x_standard_peripheral/Source/gd32f30x_exti.c ****     Copyright (c) 2020, GigaDevice Semiconductor Inc.
  13:Drivers/GD32F30x_standard_peripheral/Source/gd32f30x_exti.c **** 
  14:Drivers/GD32F30x_standard_peripheral/Source/gd32f30x_exti.c ****     Redistribution and use in source and binary forms, with or without modification, 
  15:Drivers/GD32F30x_standard_peripheral/Source/gd32f30x_exti.c **** are permitted provided that the following conditions are met:
  16:Drivers/GD32F30x_standard_peripheral/Source/gd32f30x_exti.c **** 
  17:Drivers/GD32F30x_standard_peripheral/Source/gd32f30x_exti.c ****     1. Redistributions of source code must retain the above copyright notice, this 
  18:Drivers/GD32F30x_standard_peripheral/Source/gd32f30x_exti.c ****        list of conditions and the following disclaimer.
  19:Drivers/GD32F30x_standard_peripheral/Source/gd32f30x_exti.c ****     2. Redistributions in binary form must reproduce the above copyright notice, 
  20:Drivers/GD32F30x_standard_peripheral/Source/gd32f30x_exti.c ****        this list of conditions and the following disclaimer in the documentation 
  21:Drivers/GD32F30x_standard_peripheral/Source/gd32f30x_exti.c ****        and/or other materials provided with the distribution.
  22:Drivers/GD32F30x_standard_peripheral/Source/gd32f30x_exti.c ****     3. Neither the name of the copyright holder nor the names of its contributors 
  23:Drivers/GD32F30x_standard_peripheral/Source/gd32f30x_exti.c ****        may be used to endorse or promote products derived from this software without 
  24:Drivers/GD32F30x_standard_peripheral/Source/gd32f30x_exti.c ****        specific prior written permission.
  25:Drivers/GD32F30x_standard_peripheral/Source/gd32f30x_exti.c **** 
  26:Drivers/GD32F30x_standard_peripheral/Source/gd32f30x_exti.c ****     THIS SOFTWARE IS PROVIDED BY THE COPYRIGHT HOLDERS AND CONTRIBUTORS "AS IS" 
  27:Drivers/GD32F30x_standard_peripheral/Source/gd32f30x_exti.c **** AND ANY EXPRESS OR IMPLIED WARRANTIES, INCLUDING, BUT NOT LIMITED TO, THE IMPLIED 
  28:Drivers/GD32F30x_standard_peripheral/Source/gd32f30x_exti.c **** WARRANTIES OF MERCHANTABILITY AND FITNESS FOR A PARTICULAR PURPOSE ARE DISCLAIMED. 
  29:Drivers/GD32F30x_standard_peripheral/Source/gd32f30x_exti.c **** IN NO EVENT SHALL THE COPYRIGHT HOLDER OR CONTRIBUTORS BE LIABLE FOR ANY DIRECT, 
  30:Drivers/GD32F30x_standard_peripheral/Source/gd32f30x_exti.c **** INDIRECT, INCIDENTAL, SPECIAL, EXEMPLARY, OR CONSEQUENTIAL DAMAGES (INCLUDING, BUT 
  31:Drivers/GD32F30x_standard_peripheral/Source/gd32f30x_exti.c **** NOT LIMITED TO, PROCUREMENT OF SUBSTITUTE GOODS OR SERVICES; LOSS OF USE, DATA, OR 
  32:Drivers/GD32F30x_standard_peripheral/Source/gd32f30x_exti.c **** PROFITS; OR BUSINESS INTERRUPTION) HOWEVER CAUSED AND ON ANY THEORY OF LIABILITY, 
ARM GAS  /tmp/ccsuOu7Y.s 			page 2


  33:Drivers/GD32F30x_standard_peripheral/Source/gd32f30x_exti.c **** WHETHER IN CONTRACT, STRICT LIABILITY, OR TORT (INCLUDING NEGLIGENCE OR OTHERWISE) 
  34:Drivers/GD32F30x_standard_peripheral/Source/gd32f30x_exti.c **** ARISING IN ANY WAY OUT OF THE USE OF THIS SOFTWARE, EVEN IF ADVISED OF THE POSSIBILITY 
  35:Drivers/GD32F30x_standard_peripheral/Source/gd32f30x_exti.c **** OF SUCH DAMAGE.
  36:Drivers/GD32F30x_standard_peripheral/Source/gd32f30x_exti.c **** */
  37:Drivers/GD32F30x_standard_peripheral/Source/gd32f30x_exti.c **** 
  38:Drivers/GD32F30x_standard_peripheral/Source/gd32f30x_exti.c **** #include "gd32f30x_exti.h"
  39:Drivers/GD32F30x_standard_peripheral/Source/gd32f30x_exti.c **** 
  40:Drivers/GD32F30x_standard_peripheral/Source/gd32f30x_exti.c **** /*!
  41:Drivers/GD32F30x_standard_peripheral/Source/gd32f30x_exti.c ****     \brief      deinitialize the EXTI
  42:Drivers/GD32F30x_standard_peripheral/Source/gd32f30x_exti.c ****     \param[in]  none
  43:Drivers/GD32F30x_standard_peripheral/Source/gd32f30x_exti.c ****     \param[out] none
  44:Drivers/GD32F30x_standard_peripheral/Source/gd32f30x_exti.c ****     \retval     none
  45:Drivers/GD32F30x_standard_peripheral/Source/gd32f30x_exti.c **** */
  46:Drivers/GD32F30x_standard_peripheral/Source/gd32f30x_exti.c **** void exti_deinit(void)
  47:Drivers/GD32F30x_standard_peripheral/Source/gd32f30x_exti.c **** {
  27              		.loc 1 47 1 view -0
  28              		.cfi_startproc
  29              		@ args = 0, pretend = 0, frame = 0
  30              		@ frame_needed = 0, uses_anonymous_args = 0
  31              		@ link register save eliminated.
  48:Drivers/GD32F30x_standard_peripheral/Source/gd32f30x_exti.c ****     /* reset the value of all the EXTI registers */
  49:Drivers/GD32F30x_standard_peripheral/Source/gd32f30x_exti.c ****     EXTI_INTEN = (uint32_t)0x00000000U;
  32              		.loc 1 49 5 view .LVU1
  33              		.loc 1 49 16 is_stmt 0 view .LVU2
  34 0000 064B     		ldr	r3, .L2
  35 0002 0022     		movs	r2, #0
  36 0004 C3F80024 		str	r2, [r3, #1024]
  50:Drivers/GD32F30x_standard_peripheral/Source/gd32f30x_exti.c ****     EXTI_EVEN  = (uint32_t)0x00000000U;
  37              		.loc 1 50 5 is_stmt 1 view .LVU3
  38              		.loc 1 50 16 is_stmt 0 view .LVU4
  39 0008 C3F80424 		str	r2, [r3, #1028]
  51:Drivers/GD32F30x_standard_peripheral/Source/gd32f30x_exti.c ****     EXTI_RTEN  = (uint32_t)0x00000000U;
  40              		.loc 1 51 5 is_stmt 1 view .LVU5
  41              		.loc 1 51 16 is_stmt 0 view .LVU6
  42 000c C3F80824 		str	r2, [r3, #1032]
  52:Drivers/GD32F30x_standard_peripheral/Source/gd32f30x_exti.c ****     EXTI_FTEN  = (uint32_t)0x00000000U;
  43              		.loc 1 52 5 is_stmt 1 view .LVU7
  44              		.loc 1 52 16 is_stmt 0 view .LVU8
  45 0010 C3F80C24 		str	r2, [r3, #1036]
  53:Drivers/GD32F30x_standard_peripheral/Source/gd32f30x_exti.c ****     EXTI_SWIEV = (uint32_t)0x00000000U;
  46              		.loc 1 53 5 is_stmt 1 view .LVU9
  47              		.loc 1 53 16 is_stmt 0 view .LVU10
  48 0014 C3F81024 		str	r2, [r3, #1040]
  54:Drivers/GD32F30x_standard_peripheral/Source/gd32f30x_exti.c **** }
  49              		.loc 1 54 1 view .LVU11
  50 0018 7047     		bx	lr
  51              	.L3:
  52 001a 00BF     		.align	2
  53              	.L2:
  54 001c 00000140 		.word	1073807360
  55              		.cfi_endproc
  56              	.LFE116:
  58              		.section	.text.exti_init,"ax",%progbits
  59              		.align	1
  60              		.global	exti_init
  61              		.syntax unified
  62              		.thumb
ARM GAS  /tmp/ccsuOu7Y.s 			page 3


  63              		.thumb_func
  65              	exti_init:
  66              	.LVL0:
  67              	.LFB117:
  55:Drivers/GD32F30x_standard_peripheral/Source/gd32f30x_exti.c **** 
  56:Drivers/GD32F30x_standard_peripheral/Source/gd32f30x_exti.c **** /*!
  57:Drivers/GD32F30x_standard_peripheral/Source/gd32f30x_exti.c ****     \brief      initialize the EXTI
  58:Drivers/GD32F30x_standard_peripheral/Source/gd32f30x_exti.c ****     \param[in]  linex: EXTI line number, refer to exti_line_enum
  59:Drivers/GD32F30x_standard_peripheral/Source/gd32f30x_exti.c ****                 only one parameter can be selected which is shown as below:
  60:Drivers/GD32F30x_standard_peripheral/Source/gd32f30x_exti.c ****       \arg        EXTI_x (x=0..19): EXTI line x
  61:Drivers/GD32F30x_standard_peripheral/Source/gd32f30x_exti.c ****     \param[in]  mode: interrupt or event mode, refer to exti_mode_enum
  62:Drivers/GD32F30x_standard_peripheral/Source/gd32f30x_exti.c ****                 only one parameter can be selected which is shown as below:
  63:Drivers/GD32F30x_standard_peripheral/Source/gd32f30x_exti.c ****       \arg        EXTI_INTERRUPT: interrupt mode
  64:Drivers/GD32F30x_standard_peripheral/Source/gd32f30x_exti.c ****       \arg        EXTI_EVENT: event mode
  65:Drivers/GD32F30x_standard_peripheral/Source/gd32f30x_exti.c ****     \param[in]  trig_type: interrupt trigger type, refer to exti_trig_type_enum
  66:Drivers/GD32F30x_standard_peripheral/Source/gd32f30x_exti.c ****                 only one parameter can be selected which is shown as below:
  67:Drivers/GD32F30x_standard_peripheral/Source/gd32f30x_exti.c ****       \arg        EXTI_TRIG_RISING: rising edge trigger
  68:Drivers/GD32F30x_standard_peripheral/Source/gd32f30x_exti.c ****       \arg        EXTI_TRIG_FALLING: falling trigger
  69:Drivers/GD32F30x_standard_peripheral/Source/gd32f30x_exti.c ****       \arg        EXTI_TRIG_BOTH: rising and falling trigger
  70:Drivers/GD32F30x_standard_peripheral/Source/gd32f30x_exti.c ****     \param[out] none
  71:Drivers/GD32F30x_standard_peripheral/Source/gd32f30x_exti.c ****     \retval     none
  72:Drivers/GD32F30x_standard_peripheral/Source/gd32f30x_exti.c **** */
  73:Drivers/GD32F30x_standard_peripheral/Source/gd32f30x_exti.c **** void exti_init(exti_line_enum linex, exti_mode_enum mode, exti_trig_type_enum trig_type)
  74:Drivers/GD32F30x_standard_peripheral/Source/gd32f30x_exti.c **** {
  68              		.loc 1 74 1 is_stmt 1 view -0
  69              		.cfi_startproc
  70              		@ args = 0, pretend = 0, frame = 0
  71              		@ frame_needed = 0, uses_anonymous_args = 0
  72              		@ link register save eliminated.
  73              		.loc 1 74 1 is_stmt 0 view .LVU13
  74 0000 10B4     		push	{r4}
  75              	.LCFI0:
  76              		.cfi_def_cfa_offset 4
  77              		.cfi_offset 4, -4
  75:Drivers/GD32F30x_standard_peripheral/Source/gd32f30x_exti.c ****     /* reset the EXTI line x */
  76:Drivers/GD32F30x_standard_peripheral/Source/gd32f30x_exti.c ****     EXTI_INTEN &= ~(uint32_t)linex;
  78              		.loc 1 76 5 is_stmt 1 view .LVU14
  79              		.loc 1 76 16 is_stmt 0 view .LVU15
  80 0002 2C4B     		ldr	r3, .L13
  81 0004 D3F80044 		ldr	r4, [r3, #1024]
  82              		.loc 1 76 19 view .LVU16
  83 0008 6FEA000C 		mvn	ip, r0
  84              		.loc 1 76 16 view .LVU17
  85 000c 24EA0004 		bic	r4, r4, r0
  86 0010 C3F80044 		str	r4, [r3, #1024]
  77:Drivers/GD32F30x_standard_peripheral/Source/gd32f30x_exti.c ****     EXTI_EVEN &= ~(uint32_t)linex;
  87              		.loc 1 77 5 is_stmt 1 view .LVU18
  88              		.loc 1 77 15 is_stmt 0 view .LVU19
  89 0014 D3F80444 		ldr	r4, [r3, #1028]
  90 0018 24EA0004 		bic	r4, r4, r0
  91 001c C3F80444 		str	r4, [r3, #1028]
  78:Drivers/GD32F30x_standard_peripheral/Source/gd32f30x_exti.c ****     EXTI_RTEN &= ~(uint32_t)linex;
  92              		.loc 1 78 5 is_stmt 1 view .LVU20
  93              		.loc 1 78 15 is_stmt 0 view .LVU21
  94 0020 D3F80844 		ldr	r4, [r3, #1032]
  95 0024 24EA0004 		bic	r4, r4, r0
  96 0028 C3F80844 		str	r4, [r3, #1032]
ARM GAS  /tmp/ccsuOu7Y.s 			page 4


  79:Drivers/GD32F30x_standard_peripheral/Source/gd32f30x_exti.c ****     EXTI_FTEN &= ~(uint32_t)linex;
  97              		.loc 1 79 5 is_stmt 1 view .LVU22
  98              		.loc 1 79 15 is_stmt 0 view .LVU23
  99 002c D3F80C44 		ldr	r4, [r3, #1036]
 100 0030 24EA0004 		bic	r4, r4, r0
 101 0034 C3F80C44 		str	r4, [r3, #1036]
  80:Drivers/GD32F30x_standard_peripheral/Source/gd32f30x_exti.c ****     
  81:Drivers/GD32F30x_standard_peripheral/Source/gd32f30x_exti.c ****     /* set the EXTI mode and enable the interrupts or events from EXTI line x */
  82:Drivers/GD32F30x_standard_peripheral/Source/gd32f30x_exti.c ****     switch(mode){
 102              		.loc 1 82 5 is_stmt 1 view .LVU24
 103 0038 41B1     		cbz	r1, .L5
 104 003a 0129     		cmp	r1, #1
 105 003c 0DD0     		beq	.L6
 106              	.LVL1:
 107              	.L7:
  83:Drivers/GD32F30x_standard_peripheral/Source/gd32f30x_exti.c ****     case EXTI_INTERRUPT:
  84:Drivers/GD32F30x_standard_peripheral/Source/gd32f30x_exti.c ****         EXTI_INTEN |= (uint32_t)linex;
  85:Drivers/GD32F30x_standard_peripheral/Source/gd32f30x_exti.c ****         break;
  86:Drivers/GD32F30x_standard_peripheral/Source/gd32f30x_exti.c ****     case EXTI_EVENT:
  87:Drivers/GD32F30x_standard_peripheral/Source/gd32f30x_exti.c ****         EXTI_EVEN |= (uint32_t)linex;
  88:Drivers/GD32F30x_standard_peripheral/Source/gd32f30x_exti.c ****         break;
  89:Drivers/GD32F30x_standard_peripheral/Source/gd32f30x_exti.c ****     default:
  90:Drivers/GD32F30x_standard_peripheral/Source/gd32f30x_exti.c ****         break;
  91:Drivers/GD32F30x_standard_peripheral/Source/gd32f30x_exti.c ****     }
  92:Drivers/GD32F30x_standard_peripheral/Source/gd32f30x_exti.c ****     
  93:Drivers/GD32F30x_standard_peripheral/Source/gd32f30x_exti.c ****     /* set the EXTI trigger type */
  94:Drivers/GD32F30x_standard_peripheral/Source/gd32f30x_exti.c ****     switch(trig_type){
 108              		.loc 1 94 5 view .LVU25
 109 003e 012A     		cmp	r2, #1
 110 0040 1FD0     		beq	.L8
 111 0042 022A     		cmp	r2, #2
 112 0044 2AD0     		beq	.L9
 113 0046 7AB1     		cbz	r2, .L12
 114              	.LVL2:
 115              	.L4:
  95:Drivers/GD32F30x_standard_peripheral/Source/gd32f30x_exti.c ****     case EXTI_TRIG_RISING:
  96:Drivers/GD32F30x_standard_peripheral/Source/gd32f30x_exti.c ****         EXTI_RTEN |= (uint32_t)linex;
  97:Drivers/GD32F30x_standard_peripheral/Source/gd32f30x_exti.c ****         EXTI_FTEN &= ~(uint32_t)linex;
  98:Drivers/GD32F30x_standard_peripheral/Source/gd32f30x_exti.c ****         break;
  99:Drivers/GD32F30x_standard_peripheral/Source/gd32f30x_exti.c ****     case EXTI_TRIG_FALLING:
 100:Drivers/GD32F30x_standard_peripheral/Source/gd32f30x_exti.c ****         EXTI_RTEN &= ~(uint32_t)linex;
 101:Drivers/GD32F30x_standard_peripheral/Source/gd32f30x_exti.c ****         EXTI_FTEN |= (uint32_t)linex;
 102:Drivers/GD32F30x_standard_peripheral/Source/gd32f30x_exti.c ****         break;
 103:Drivers/GD32F30x_standard_peripheral/Source/gd32f30x_exti.c ****     case EXTI_TRIG_BOTH:
 104:Drivers/GD32F30x_standard_peripheral/Source/gd32f30x_exti.c ****         EXTI_RTEN |= (uint32_t)linex;
 105:Drivers/GD32F30x_standard_peripheral/Source/gd32f30x_exti.c ****         EXTI_FTEN |= (uint32_t)linex;
 106:Drivers/GD32F30x_standard_peripheral/Source/gd32f30x_exti.c ****         break;
 107:Drivers/GD32F30x_standard_peripheral/Source/gd32f30x_exti.c ****     default:
 108:Drivers/GD32F30x_standard_peripheral/Source/gd32f30x_exti.c ****         break;
 109:Drivers/GD32F30x_standard_peripheral/Source/gd32f30x_exti.c ****     }
 110:Drivers/GD32F30x_standard_peripheral/Source/gd32f30x_exti.c **** }
 116              		.loc 1 110 1 is_stmt 0 view .LVU26
 117 0048 10BC     		pop	{r4}
 118              	.LCFI1:
 119              		.cfi_remember_state
 120              		.cfi_restore 4
 121              		.cfi_def_cfa_offset 0
ARM GAS  /tmp/ccsuOu7Y.s 			page 5


 122 004a 7047     		bx	lr
 123              	.LVL3:
 124              	.L5:
 125              	.LCFI2:
 126              		.cfi_restore_state
  84:Drivers/GD32F30x_standard_peripheral/Source/gd32f30x_exti.c ****         break;
 127              		.loc 1 84 9 is_stmt 1 view .LVU27
  84:Drivers/GD32F30x_standard_peripheral/Source/gd32f30x_exti.c ****         break;
 128              		.loc 1 84 20 is_stmt 0 view .LVU28
 129 004c 1949     		ldr	r1, .L13
 130              	.LVL4:
  84:Drivers/GD32F30x_standard_peripheral/Source/gd32f30x_exti.c ****         break;
 131              		.loc 1 84 20 view .LVU29
 132 004e D1F80034 		ldr	r3, [r1, #1024]
 133 0052 0343     		orrs	r3, r3, r0
 134 0054 C1F80034 		str	r3, [r1, #1024]
  85:Drivers/GD32F30x_standard_peripheral/Source/gd32f30x_exti.c ****     case EXTI_EVENT:
 135              		.loc 1 85 9 is_stmt 1 view .LVU30
 136 0058 F1E7     		b	.L7
 137              	.LVL5:
 138              	.L6:
  87:Drivers/GD32F30x_standard_peripheral/Source/gd32f30x_exti.c ****         break;
 139              		.loc 1 87 9 view .LVU31
  87:Drivers/GD32F30x_standard_peripheral/Source/gd32f30x_exti.c ****         break;
 140              		.loc 1 87 19 is_stmt 0 view .LVU32
 141 005a 1649     		ldr	r1, .L13
 142              	.LVL6:
  87:Drivers/GD32F30x_standard_peripheral/Source/gd32f30x_exti.c ****         break;
 143              		.loc 1 87 19 view .LVU33
 144 005c D1F80434 		ldr	r3, [r1, #1028]
 145 0060 0343     		orrs	r3, r3, r0
 146 0062 C1F80434 		str	r3, [r1, #1028]
  88:Drivers/GD32F30x_standard_peripheral/Source/gd32f30x_exti.c ****     default:
 147              		.loc 1 88 9 is_stmt 1 view .LVU34
 148 0066 EAE7     		b	.L7
 149              	.L12:
  96:Drivers/GD32F30x_standard_peripheral/Source/gd32f30x_exti.c ****         EXTI_FTEN &= ~(uint32_t)linex;
 150              		.loc 1 96 9 view .LVU35
  96:Drivers/GD32F30x_standard_peripheral/Source/gd32f30x_exti.c ****         EXTI_FTEN &= ~(uint32_t)linex;
 151              		.loc 1 96 19 is_stmt 0 view .LVU36
 152 0068 124B     		ldr	r3, .L13
 153 006a D3F80824 		ldr	r2, [r3, #1032]
 154              	.LVL7:
  96:Drivers/GD32F30x_standard_peripheral/Source/gd32f30x_exti.c ****         EXTI_FTEN &= ~(uint32_t)linex;
 155              		.loc 1 96 19 view .LVU37
 156 006e 1043     		orrs	r0, r0, r2
 157              	.LVL8:
  96:Drivers/GD32F30x_standard_peripheral/Source/gd32f30x_exti.c ****         EXTI_FTEN &= ~(uint32_t)linex;
 158              		.loc 1 96 19 view .LVU38
 159 0070 C3F80804 		str	r0, [r3, #1032]
  97:Drivers/GD32F30x_standard_peripheral/Source/gd32f30x_exti.c ****         break;
 160              		.loc 1 97 9 is_stmt 1 view .LVU39
  97:Drivers/GD32F30x_standard_peripheral/Source/gd32f30x_exti.c ****         break;
 161              		.loc 1 97 19 is_stmt 0 view .LVU40
 162 0074 D3F80C24 		ldr	r2, [r3, #1036]
 163 0078 0CEA0202 		and	r2, ip, r2
 164 007c C3F80C24 		str	r2, [r3, #1036]
ARM GAS  /tmp/ccsuOu7Y.s 			page 6


  98:Drivers/GD32F30x_standard_peripheral/Source/gd32f30x_exti.c ****     case EXTI_TRIG_FALLING:
 165              		.loc 1 98 9 is_stmt 1 view .LVU41
 166 0080 E2E7     		b	.L4
 167              	.LVL9:
 168              	.L8:
 100:Drivers/GD32F30x_standard_peripheral/Source/gd32f30x_exti.c ****         EXTI_FTEN |= (uint32_t)linex;
 169              		.loc 1 100 9 view .LVU42
 100:Drivers/GD32F30x_standard_peripheral/Source/gd32f30x_exti.c ****         EXTI_FTEN |= (uint32_t)linex;
 170              		.loc 1 100 19 is_stmt 0 view .LVU43
 171 0082 0C4A     		ldr	r2, .L13
 172              	.LVL10:
 100:Drivers/GD32F30x_standard_peripheral/Source/gd32f30x_exti.c ****         EXTI_FTEN |= (uint32_t)linex;
 173              		.loc 1 100 19 view .LVU44
 174 0084 D2F80834 		ldr	r3, [r2, #1032]
 175 0088 0CEA0303 		and	r3, ip, r3
 176 008c C2F80834 		str	r3, [r2, #1032]
 101:Drivers/GD32F30x_standard_peripheral/Source/gd32f30x_exti.c ****         break;
 177              		.loc 1 101 9 is_stmt 1 view .LVU45
 101:Drivers/GD32F30x_standard_peripheral/Source/gd32f30x_exti.c ****         break;
 178              		.loc 1 101 19 is_stmt 0 view .LVU46
 179 0090 D2F80C34 		ldr	r3, [r2, #1036]
 180 0094 1843     		orrs	r0, r0, r3
 181              	.LVL11:
 101:Drivers/GD32F30x_standard_peripheral/Source/gd32f30x_exti.c ****         break;
 182              		.loc 1 101 19 view .LVU47
 183 0096 C2F80C04 		str	r0, [r2, #1036]
 102:Drivers/GD32F30x_standard_peripheral/Source/gd32f30x_exti.c ****     case EXTI_TRIG_BOTH:
 184              		.loc 1 102 9 is_stmt 1 view .LVU48
 185 009a D5E7     		b	.L4
 186              	.LVL12:
 187              	.L9:
 104:Drivers/GD32F30x_standard_peripheral/Source/gd32f30x_exti.c ****         EXTI_FTEN |= (uint32_t)linex;
 188              		.loc 1 104 9 view .LVU49
 104:Drivers/GD32F30x_standard_peripheral/Source/gd32f30x_exti.c ****         EXTI_FTEN |= (uint32_t)linex;
 189              		.loc 1 104 19 is_stmt 0 view .LVU50
 190 009c 054B     		ldr	r3, .L13
 191 009e D3F80824 		ldr	r2, [r3, #1032]
 192              	.LVL13:
 104:Drivers/GD32F30x_standard_peripheral/Source/gd32f30x_exti.c ****         EXTI_FTEN |= (uint32_t)linex;
 193              		.loc 1 104 19 view .LVU51
 194 00a2 0243     		orrs	r2, r2, r0
 195 00a4 C3F80824 		str	r2, [r3, #1032]
 105:Drivers/GD32F30x_standard_peripheral/Source/gd32f30x_exti.c ****         break;
 196              		.loc 1 105 9 is_stmt 1 view .LVU52
 105:Drivers/GD32F30x_standard_peripheral/Source/gd32f30x_exti.c ****         break;
 197              		.loc 1 105 19 is_stmt 0 view .LVU53
 198 00a8 D3F80C24 		ldr	r2, [r3, #1036]
 199 00ac 1043     		orrs	r0, r0, r2
 200              	.LVL14:
 105:Drivers/GD32F30x_standard_peripheral/Source/gd32f30x_exti.c ****         break;
 201              		.loc 1 105 19 view .LVU54
 202 00ae C3F80C04 		str	r0, [r3, #1036]
 106:Drivers/GD32F30x_standard_peripheral/Source/gd32f30x_exti.c ****     default:
 203              		.loc 1 106 9 is_stmt 1 view .LVU55
 204              		.loc 1 110 1 is_stmt 0 view .LVU56
 205 00b2 C9E7     		b	.L4
 206              	.L14:
ARM GAS  /tmp/ccsuOu7Y.s 			page 7


 207              		.align	2
 208              	.L13:
 209 00b4 00000140 		.word	1073807360
 210              		.cfi_endproc
 211              	.LFE117:
 213              		.section	.text.exti_interrupt_enable,"ax",%progbits
 214              		.align	1
 215              		.global	exti_interrupt_enable
 216              		.syntax unified
 217              		.thumb
 218              		.thumb_func
 220              	exti_interrupt_enable:
 221              	.LVL15:
 222              	.LFB118:
 111:Drivers/GD32F30x_standard_peripheral/Source/gd32f30x_exti.c **** 
 112:Drivers/GD32F30x_standard_peripheral/Source/gd32f30x_exti.c **** /*!
 113:Drivers/GD32F30x_standard_peripheral/Source/gd32f30x_exti.c ****     \brief      enable the interrupts from EXTI line x
 114:Drivers/GD32F30x_standard_peripheral/Source/gd32f30x_exti.c ****     \param[in]  linex: EXTI line number, refer to exti_line_enum
 115:Drivers/GD32F30x_standard_peripheral/Source/gd32f30x_exti.c ****                 only one parameter can be selected which is shown as below:
 116:Drivers/GD32F30x_standard_peripheral/Source/gd32f30x_exti.c ****       \arg        EXTI_x (x=0..19): EXTI line x
 117:Drivers/GD32F30x_standard_peripheral/Source/gd32f30x_exti.c ****     \param[out] none
 118:Drivers/GD32F30x_standard_peripheral/Source/gd32f30x_exti.c ****     \retval     none
 119:Drivers/GD32F30x_standard_peripheral/Source/gd32f30x_exti.c **** */
 120:Drivers/GD32F30x_standard_peripheral/Source/gd32f30x_exti.c **** void exti_interrupt_enable(exti_line_enum linex)
 121:Drivers/GD32F30x_standard_peripheral/Source/gd32f30x_exti.c **** {
 223              		.loc 1 121 1 is_stmt 1 view -0
 224              		.cfi_startproc
 225              		@ args = 0, pretend = 0, frame = 0
 226              		@ frame_needed = 0, uses_anonymous_args = 0
 227              		@ link register save eliminated.
 122:Drivers/GD32F30x_standard_peripheral/Source/gd32f30x_exti.c ****     EXTI_INTEN |= (uint32_t)linex;
 228              		.loc 1 122 5 view .LVU58
 229              		.loc 1 122 16 is_stmt 0 view .LVU59
 230 0000 034A     		ldr	r2, .L16
 231 0002 D2F80034 		ldr	r3, [r2, #1024]
 232 0006 0343     		orrs	r3, r3, r0
 233 0008 C2F80034 		str	r3, [r2, #1024]
 123:Drivers/GD32F30x_standard_peripheral/Source/gd32f30x_exti.c **** }
 234              		.loc 1 123 1 view .LVU60
 235 000c 7047     		bx	lr
 236              	.L17:
 237 000e 00BF     		.align	2
 238              	.L16:
 239 0010 00000140 		.word	1073807360
 240              		.cfi_endproc
 241              	.LFE118:
 243              		.section	.text.exti_event_enable,"ax",%progbits
 244              		.align	1
 245              		.global	exti_event_enable
 246              		.syntax unified
 247              		.thumb
 248              		.thumb_func
 250              	exti_event_enable:
 251              	.LVL16:
 252              	.LFB119:
 124:Drivers/GD32F30x_standard_peripheral/Source/gd32f30x_exti.c **** 
 125:Drivers/GD32F30x_standard_peripheral/Source/gd32f30x_exti.c **** /*!
ARM GAS  /tmp/ccsuOu7Y.s 			page 8


 126:Drivers/GD32F30x_standard_peripheral/Source/gd32f30x_exti.c ****     \brief      enable the events from EXTI line x
 127:Drivers/GD32F30x_standard_peripheral/Source/gd32f30x_exti.c ****     \param[in]  linex: EXTI line number, refer to exti_line_enum
 128:Drivers/GD32F30x_standard_peripheral/Source/gd32f30x_exti.c ****                 only one parameter can be selected which is shown as below:
 129:Drivers/GD32F30x_standard_peripheral/Source/gd32f30x_exti.c ****       \arg        EXTI_x (x=0..19): EXTI line x
 130:Drivers/GD32F30x_standard_peripheral/Source/gd32f30x_exti.c ****     \param[out] none
 131:Drivers/GD32F30x_standard_peripheral/Source/gd32f30x_exti.c ****     \retval     none
 132:Drivers/GD32F30x_standard_peripheral/Source/gd32f30x_exti.c **** */
 133:Drivers/GD32F30x_standard_peripheral/Source/gd32f30x_exti.c **** void exti_event_enable(exti_line_enum linex)
 134:Drivers/GD32F30x_standard_peripheral/Source/gd32f30x_exti.c **** {
 253              		.loc 1 134 1 is_stmt 1 view -0
 254              		.cfi_startproc
 255              		@ args = 0, pretend = 0, frame = 0
 256              		@ frame_needed = 0, uses_anonymous_args = 0
 257              		@ link register save eliminated.
 135:Drivers/GD32F30x_standard_peripheral/Source/gd32f30x_exti.c ****     EXTI_EVEN |= (uint32_t)linex;
 258              		.loc 1 135 5 view .LVU62
 259              		.loc 1 135 15 is_stmt 0 view .LVU63
 260 0000 034A     		ldr	r2, .L19
 261 0002 D2F80434 		ldr	r3, [r2, #1028]
 262 0006 0343     		orrs	r3, r3, r0
 263 0008 C2F80434 		str	r3, [r2, #1028]
 136:Drivers/GD32F30x_standard_peripheral/Source/gd32f30x_exti.c **** }
 264              		.loc 1 136 1 view .LVU64
 265 000c 7047     		bx	lr
 266              	.L20:
 267 000e 00BF     		.align	2
 268              	.L19:
 269 0010 00000140 		.word	1073807360
 270              		.cfi_endproc
 271              	.LFE119:
 273              		.section	.text.exti_interrupt_disable,"ax",%progbits
 274              		.align	1
 275              		.global	exti_interrupt_disable
 276              		.syntax unified
 277              		.thumb
 278              		.thumb_func
 280              	exti_interrupt_disable:
 281              	.LVL17:
 282              	.LFB120:
 137:Drivers/GD32F30x_standard_peripheral/Source/gd32f30x_exti.c **** 
 138:Drivers/GD32F30x_standard_peripheral/Source/gd32f30x_exti.c **** /*!
 139:Drivers/GD32F30x_standard_peripheral/Source/gd32f30x_exti.c ****     \brief      disable the interrupt from EXTI line x
 140:Drivers/GD32F30x_standard_peripheral/Source/gd32f30x_exti.c ****     \param[in]  linex: EXTI line number, refer to exti_line_enum
 141:Drivers/GD32F30x_standard_peripheral/Source/gd32f30x_exti.c ****                 only one parameter can be selected which is shown as below:
 142:Drivers/GD32F30x_standard_peripheral/Source/gd32f30x_exti.c ****       \arg        EXTI_x (x=0..19): EXTI line x
 143:Drivers/GD32F30x_standard_peripheral/Source/gd32f30x_exti.c ****     \param[out] none
 144:Drivers/GD32F30x_standard_peripheral/Source/gd32f30x_exti.c ****     \retval     none
 145:Drivers/GD32F30x_standard_peripheral/Source/gd32f30x_exti.c **** */
 146:Drivers/GD32F30x_standard_peripheral/Source/gd32f30x_exti.c **** void exti_interrupt_disable(exti_line_enum linex)
 147:Drivers/GD32F30x_standard_peripheral/Source/gd32f30x_exti.c **** {
 283              		.loc 1 147 1 is_stmt 1 view -0
 284              		.cfi_startproc
 285              		@ args = 0, pretend = 0, frame = 0
 286              		@ frame_needed = 0, uses_anonymous_args = 0
 287              		@ link register save eliminated.
 148:Drivers/GD32F30x_standard_peripheral/Source/gd32f30x_exti.c ****     EXTI_INTEN &= ~(uint32_t)linex;
 288              		.loc 1 148 5 view .LVU66
ARM GAS  /tmp/ccsuOu7Y.s 			page 9


 289              		.loc 1 148 16 is_stmt 0 view .LVU67
 290 0000 034A     		ldr	r2, .L22
 291 0002 D2F80034 		ldr	r3, [r2, #1024]
 292 0006 23EA0003 		bic	r3, r3, r0
 293 000a C2F80034 		str	r3, [r2, #1024]
 149:Drivers/GD32F30x_standard_peripheral/Source/gd32f30x_exti.c **** }
 294              		.loc 1 149 1 view .LVU68
 295 000e 7047     		bx	lr
 296              	.L23:
 297              		.align	2
 298              	.L22:
 299 0010 00000140 		.word	1073807360
 300              		.cfi_endproc
 301              	.LFE120:
 303              		.section	.text.exti_event_disable,"ax",%progbits
 304              		.align	1
 305              		.global	exti_event_disable
 306              		.syntax unified
 307              		.thumb
 308              		.thumb_func
 310              	exti_event_disable:
 311              	.LVL18:
 312              	.LFB121:
 150:Drivers/GD32F30x_standard_peripheral/Source/gd32f30x_exti.c **** 
 151:Drivers/GD32F30x_standard_peripheral/Source/gd32f30x_exti.c **** /*!
 152:Drivers/GD32F30x_standard_peripheral/Source/gd32f30x_exti.c ****     \brief      disable the events from EXTI line x
 153:Drivers/GD32F30x_standard_peripheral/Source/gd32f30x_exti.c ****     \param[in]  linex: EXTI line number, refer to exti_line_enum
 154:Drivers/GD32F30x_standard_peripheral/Source/gd32f30x_exti.c ****                 only one parameter can be selected which is shown as below:
 155:Drivers/GD32F30x_standard_peripheral/Source/gd32f30x_exti.c ****       \arg        EXTI_x (x=0..19): EXTI line x
 156:Drivers/GD32F30x_standard_peripheral/Source/gd32f30x_exti.c ****     \param[out] none
 157:Drivers/GD32F30x_standard_peripheral/Source/gd32f30x_exti.c ****     \retval     none
 158:Drivers/GD32F30x_standard_peripheral/Source/gd32f30x_exti.c **** */
 159:Drivers/GD32F30x_standard_peripheral/Source/gd32f30x_exti.c **** void exti_event_disable(exti_line_enum linex)
 160:Drivers/GD32F30x_standard_peripheral/Source/gd32f30x_exti.c **** {
 313              		.loc 1 160 1 is_stmt 1 view -0
 314              		.cfi_startproc
 315              		@ args = 0, pretend = 0, frame = 0
 316              		@ frame_needed = 0, uses_anonymous_args = 0
 317              		@ link register save eliminated.
 161:Drivers/GD32F30x_standard_peripheral/Source/gd32f30x_exti.c ****     EXTI_EVEN &= ~(uint32_t)linex;
 318              		.loc 1 161 5 view .LVU70
 319              		.loc 1 161 15 is_stmt 0 view .LVU71
 320 0000 034A     		ldr	r2, .L25
 321 0002 D2F80434 		ldr	r3, [r2, #1028]
 322 0006 23EA0003 		bic	r3, r3, r0
 323 000a C2F80434 		str	r3, [r2, #1028]
 162:Drivers/GD32F30x_standard_peripheral/Source/gd32f30x_exti.c **** }
 324              		.loc 1 162 1 view .LVU72
 325 000e 7047     		bx	lr
 326              	.L26:
 327              		.align	2
 328              	.L25:
 329 0010 00000140 		.word	1073807360
 330              		.cfi_endproc
 331              	.LFE121:
 333              		.section	.text.exti_flag_get,"ax",%progbits
 334              		.align	1
ARM GAS  /tmp/ccsuOu7Y.s 			page 10


 335              		.global	exti_flag_get
 336              		.syntax unified
 337              		.thumb
 338              		.thumb_func
 340              	exti_flag_get:
 341              	.LVL19:
 342              	.LFB122:
 163:Drivers/GD32F30x_standard_peripheral/Source/gd32f30x_exti.c **** 
 164:Drivers/GD32F30x_standard_peripheral/Source/gd32f30x_exti.c **** /*!
 165:Drivers/GD32F30x_standard_peripheral/Source/gd32f30x_exti.c ****     \brief      get EXTI lines flag
 166:Drivers/GD32F30x_standard_peripheral/Source/gd32f30x_exti.c ****     \param[in]  linex: EXTI line number, refer to exti_line_enum
 167:Drivers/GD32F30x_standard_peripheral/Source/gd32f30x_exti.c ****                 only one parameter can be selected which is shown as below:
 168:Drivers/GD32F30x_standard_peripheral/Source/gd32f30x_exti.c ****       \arg        EXTI_x (x=0..19): EXTI line x
 169:Drivers/GD32F30x_standard_peripheral/Source/gd32f30x_exti.c ****     \param[out] none
 170:Drivers/GD32F30x_standard_peripheral/Source/gd32f30x_exti.c ****     \retval     FlagStatus: status of flag (RESET or SET)
 171:Drivers/GD32F30x_standard_peripheral/Source/gd32f30x_exti.c **** */
 172:Drivers/GD32F30x_standard_peripheral/Source/gd32f30x_exti.c **** FlagStatus exti_flag_get(exti_line_enum linex)
 173:Drivers/GD32F30x_standard_peripheral/Source/gd32f30x_exti.c **** {
 343              		.loc 1 173 1 is_stmt 1 view -0
 344              		.cfi_startproc
 345              		@ args = 0, pretend = 0, frame = 0
 346              		@ frame_needed = 0, uses_anonymous_args = 0
 347              		@ link register save eliminated.
 174:Drivers/GD32F30x_standard_peripheral/Source/gd32f30x_exti.c ****     if(RESET != (EXTI_PD & (uint32_t)linex)){
 348              		.loc 1 174 5 view .LVU74
 349              		.loc 1 174 18 is_stmt 0 view .LVU75
 350 0000 044B     		ldr	r3, .L30
 351 0002 D3F81434 		ldr	r3, [r3, #1044]
 352              		.loc 1 174 7 view .LVU76
 353 0006 0342     		tst	r3, r0
 354 0008 01D0     		beq	.L29
 175:Drivers/GD32F30x_standard_peripheral/Source/gd32f30x_exti.c ****         return SET;
 355              		.loc 1 175 16 view .LVU77
 356 000a 0120     		movs	r0, #1
 357              	.LVL20:
 358              		.loc 1 175 16 view .LVU78
 359 000c 7047     		bx	lr
 360              	.LVL21:
 361              	.L29:
 176:Drivers/GD32F30x_standard_peripheral/Source/gd32f30x_exti.c ****     }else{
 177:Drivers/GD32F30x_standard_peripheral/Source/gd32f30x_exti.c ****         return RESET;
 362              		.loc 1 177 16 view .LVU79
 363 000e 0020     		movs	r0, #0
 364              	.LVL22:
 178:Drivers/GD32F30x_standard_peripheral/Source/gd32f30x_exti.c ****     } 
 179:Drivers/GD32F30x_standard_peripheral/Source/gd32f30x_exti.c **** }
 365              		.loc 1 179 1 view .LVU80
 366 0010 7047     		bx	lr
 367              	.L31:
 368 0012 00BF     		.align	2
 369              	.L30:
 370 0014 00000140 		.word	1073807360
 371              		.cfi_endproc
 372              	.LFE122:
 374              		.section	.text.exti_flag_clear,"ax",%progbits
 375              		.align	1
 376              		.global	exti_flag_clear
ARM GAS  /tmp/ccsuOu7Y.s 			page 11


 377              		.syntax unified
 378              		.thumb
 379              		.thumb_func
 381              	exti_flag_clear:
 382              	.LVL23:
 383              	.LFB123:
 180:Drivers/GD32F30x_standard_peripheral/Source/gd32f30x_exti.c **** 
 181:Drivers/GD32F30x_standard_peripheral/Source/gd32f30x_exti.c **** /*!
 182:Drivers/GD32F30x_standard_peripheral/Source/gd32f30x_exti.c ****     \brief      clear EXTI lines pending flag
 183:Drivers/GD32F30x_standard_peripheral/Source/gd32f30x_exti.c ****     \param[in]  linex: EXTI line number, refer to exti_line_enum
 184:Drivers/GD32F30x_standard_peripheral/Source/gd32f30x_exti.c ****                 only one parameter can be selected which is shown as below:
 185:Drivers/GD32F30x_standard_peripheral/Source/gd32f30x_exti.c ****       \arg        EXTI_x (x=0..19): EXTI line x
 186:Drivers/GD32F30x_standard_peripheral/Source/gd32f30x_exti.c ****     \param[out] none
 187:Drivers/GD32F30x_standard_peripheral/Source/gd32f30x_exti.c ****     \retval     none
 188:Drivers/GD32F30x_standard_peripheral/Source/gd32f30x_exti.c **** */
 189:Drivers/GD32F30x_standard_peripheral/Source/gd32f30x_exti.c **** void exti_flag_clear(exti_line_enum linex)
 190:Drivers/GD32F30x_standard_peripheral/Source/gd32f30x_exti.c **** {
 384              		.loc 1 190 1 is_stmt 1 view -0
 385              		.cfi_startproc
 386              		@ args = 0, pretend = 0, frame = 0
 387              		@ frame_needed = 0, uses_anonymous_args = 0
 388              		@ link register save eliminated.
 191:Drivers/GD32F30x_standard_peripheral/Source/gd32f30x_exti.c ****     EXTI_PD = (uint32_t)linex;
 389              		.loc 1 191 5 view .LVU82
 390              		.loc 1 191 13 is_stmt 0 view .LVU83
 391 0000 014B     		ldr	r3, .L33
 392 0002 C3F81404 		str	r0, [r3, #1044]
 192:Drivers/GD32F30x_standard_peripheral/Source/gd32f30x_exti.c **** }
 393              		.loc 1 192 1 view .LVU84
 394 0006 7047     		bx	lr
 395              	.L34:
 396              		.align	2
 397              	.L33:
 398 0008 00000140 		.word	1073807360
 399              		.cfi_endproc
 400              	.LFE123:
 402              		.section	.text.exti_interrupt_flag_get,"ax",%progbits
 403              		.align	1
 404              		.global	exti_interrupt_flag_get
 405              		.syntax unified
 406              		.thumb
 407              		.thumb_func
 409              	exti_interrupt_flag_get:
 410              	.LVL24:
 411              	.LFB124:
 193:Drivers/GD32F30x_standard_peripheral/Source/gd32f30x_exti.c **** 
 194:Drivers/GD32F30x_standard_peripheral/Source/gd32f30x_exti.c **** /*!
 195:Drivers/GD32F30x_standard_peripheral/Source/gd32f30x_exti.c ****     \brief      get EXTI lines flag when the interrupt flag is set
 196:Drivers/GD32F30x_standard_peripheral/Source/gd32f30x_exti.c ****     \param[in]  linex: EXTI line number, refer to exti_line_enum
 197:Drivers/GD32F30x_standard_peripheral/Source/gd32f30x_exti.c ****                 only one parameter can be selected which is shown as below:
 198:Drivers/GD32F30x_standard_peripheral/Source/gd32f30x_exti.c ****       \arg        EXTI_x (x=0..19): EXTI line x
 199:Drivers/GD32F30x_standard_peripheral/Source/gd32f30x_exti.c ****     \param[out] none
 200:Drivers/GD32F30x_standard_peripheral/Source/gd32f30x_exti.c ****     \retval     FlagStatus: status of flag (RESET or SET)
 201:Drivers/GD32F30x_standard_peripheral/Source/gd32f30x_exti.c **** */
 202:Drivers/GD32F30x_standard_peripheral/Source/gd32f30x_exti.c **** FlagStatus exti_interrupt_flag_get(exti_line_enum linex)
 203:Drivers/GD32F30x_standard_peripheral/Source/gd32f30x_exti.c **** {
 412              		.loc 1 203 1 is_stmt 1 view -0
ARM GAS  /tmp/ccsuOu7Y.s 			page 12


 413              		.cfi_startproc
 414              		@ args = 0, pretend = 0, frame = 0
 415              		@ frame_needed = 0, uses_anonymous_args = 0
 416              		@ link register save eliminated.
 204:Drivers/GD32F30x_standard_peripheral/Source/gd32f30x_exti.c ****     uint32_t flag_left, flag_right;
 417              		.loc 1 204 5 view .LVU86
 205:Drivers/GD32F30x_standard_peripheral/Source/gd32f30x_exti.c ****     
 206:Drivers/GD32F30x_standard_peripheral/Source/gd32f30x_exti.c ****     flag_left = EXTI_PD & (uint32_t)linex;
 418              		.loc 1 206 5 view .LVU87
 419              		.loc 1 206 17 is_stmt 0 view .LVU88
 420 0000 074B     		ldr	r3, .L39
 421 0002 D3F81424 		ldr	r2, [r3, #1044]
 422              	.LVL25:
 207:Drivers/GD32F30x_standard_peripheral/Source/gd32f30x_exti.c ****     flag_right = EXTI_INTEN & (uint32_t)linex;
 423              		.loc 1 207 5 is_stmt 1 view .LVU89
 424              		.loc 1 207 18 is_stmt 0 view .LVU90
 425 0006 D3F80034 		ldr	r3, [r3, #1024]
 426              		.loc 1 207 16 view .LVU91
 427 000a 0340     		ands	r3, r3, r0
 428              	.LVL26:
 208:Drivers/GD32F30x_standard_peripheral/Source/gd32f30x_exti.c ****     
 209:Drivers/GD32F30x_standard_peripheral/Source/gd32f30x_exti.c ****     if((RESET != flag_left) && (RESET != flag_right)){
 429              		.loc 1 209 5 is_stmt 1 view .LVU92
 430              		.loc 1 209 7 is_stmt 0 view .LVU93
 431 000c 0242     		tst	r2, r0
 432 000e 02D0     		beq	.L37
 433              		.loc 1 209 29 discriminator 1 view .LVU94
 434 0010 1BB9     		cbnz	r3, .L38
 210:Drivers/GD32F30x_standard_peripheral/Source/gd32f30x_exti.c ****         return SET;
 211:Drivers/GD32F30x_standard_peripheral/Source/gd32f30x_exti.c ****     }else{
 212:Drivers/GD32F30x_standard_peripheral/Source/gd32f30x_exti.c ****         return RESET;
 435              		.loc 1 212 16 view .LVU95
 436 0012 0020     		movs	r0, #0
 437              	.LVL27:
 438              		.loc 1 212 16 view .LVU96
 439 0014 7047     		bx	lr
 440              	.LVL28:
 441              	.L37:
 442              		.loc 1 212 16 view .LVU97
 443 0016 0020     		movs	r0, #0
 444              	.LVL29:
 445              		.loc 1 212 16 view .LVU98
 446 0018 7047     		bx	lr
 447              	.LVL30:
 448              	.L38:
 210:Drivers/GD32F30x_standard_peripheral/Source/gd32f30x_exti.c ****         return SET;
 449              		.loc 1 210 16 view .LVU99
 450 001a 0120     		movs	r0, #1
 451              	.LVL31:
 213:Drivers/GD32F30x_standard_peripheral/Source/gd32f30x_exti.c ****     }
 214:Drivers/GD32F30x_standard_peripheral/Source/gd32f30x_exti.c **** }
 452              		.loc 1 214 1 view .LVU100
 453 001c 7047     		bx	lr
 454              	.L40:
 455 001e 00BF     		.align	2
 456              	.L39:
 457 0020 00000140 		.word	1073807360
ARM GAS  /tmp/ccsuOu7Y.s 			page 13


 458              		.cfi_endproc
 459              	.LFE124:
 461              		.section	.text.exti_interrupt_flag_clear,"ax",%progbits
 462              		.align	1
 463              		.global	exti_interrupt_flag_clear
 464              		.syntax unified
 465              		.thumb
 466              		.thumb_func
 468              	exti_interrupt_flag_clear:
 469              	.LVL32:
 470              	.LFB125:
 215:Drivers/GD32F30x_standard_peripheral/Source/gd32f30x_exti.c **** 
 216:Drivers/GD32F30x_standard_peripheral/Source/gd32f30x_exti.c **** /*!
 217:Drivers/GD32F30x_standard_peripheral/Source/gd32f30x_exti.c ****     \brief      clear EXTI lines pending flag
 218:Drivers/GD32F30x_standard_peripheral/Source/gd32f30x_exti.c ****     \param[in]  linex: EXTI line number, refer to exti_line_enum
 219:Drivers/GD32F30x_standard_peripheral/Source/gd32f30x_exti.c ****                 only one parameter can be selected which is shown as below:
 220:Drivers/GD32F30x_standard_peripheral/Source/gd32f30x_exti.c ****       \arg        EXTI_x (x=0..19): EXTI line x
 221:Drivers/GD32F30x_standard_peripheral/Source/gd32f30x_exti.c ****     \param[out] none
 222:Drivers/GD32F30x_standard_peripheral/Source/gd32f30x_exti.c ****     \retval     none
 223:Drivers/GD32F30x_standard_peripheral/Source/gd32f30x_exti.c **** */
 224:Drivers/GD32F30x_standard_peripheral/Source/gd32f30x_exti.c **** void exti_interrupt_flag_clear(exti_line_enum linex)
 225:Drivers/GD32F30x_standard_peripheral/Source/gd32f30x_exti.c **** {
 471              		.loc 1 225 1 is_stmt 1 view -0
 472              		.cfi_startproc
 473              		@ args = 0, pretend = 0, frame = 0
 474              		@ frame_needed = 0, uses_anonymous_args = 0
 475              		@ link register save eliminated.
 226:Drivers/GD32F30x_standard_peripheral/Source/gd32f30x_exti.c ****     EXTI_PD = (uint32_t)linex;
 476              		.loc 1 226 5 view .LVU102
 477              		.loc 1 226 13 is_stmt 0 view .LVU103
 478 0000 014B     		ldr	r3, .L42
 479 0002 C3F81404 		str	r0, [r3, #1044]
 227:Drivers/GD32F30x_standard_peripheral/Source/gd32f30x_exti.c **** }
 480              		.loc 1 227 1 view .LVU104
 481 0006 7047     		bx	lr
 482              	.L43:
 483              		.align	2
 484              	.L42:
 485 0008 00000140 		.word	1073807360
 486              		.cfi_endproc
 487              	.LFE125:
 489              		.section	.text.exti_software_interrupt_enable,"ax",%progbits
 490              		.align	1
 491              		.global	exti_software_interrupt_enable
 492              		.syntax unified
 493              		.thumb
 494              		.thumb_func
 496              	exti_software_interrupt_enable:
 497              	.LVL33:
 498              	.LFB126:
 228:Drivers/GD32F30x_standard_peripheral/Source/gd32f30x_exti.c **** 
 229:Drivers/GD32F30x_standard_peripheral/Source/gd32f30x_exti.c **** /*!
 230:Drivers/GD32F30x_standard_peripheral/Source/gd32f30x_exti.c ****     \brief      enable EXTI software interrupt event
 231:Drivers/GD32F30x_standard_peripheral/Source/gd32f30x_exti.c ****     \param[in]  linex: EXTI line number, refer to exti_line_enum
 232:Drivers/GD32F30x_standard_peripheral/Source/gd32f30x_exti.c ****                 only one parameter can be selected which is shown as below:
 233:Drivers/GD32F30x_standard_peripheral/Source/gd32f30x_exti.c ****       \arg        EXTI_x (x=0..19): EXTI line x
 234:Drivers/GD32F30x_standard_peripheral/Source/gd32f30x_exti.c ****     \param[out] none
ARM GAS  /tmp/ccsuOu7Y.s 			page 14


 235:Drivers/GD32F30x_standard_peripheral/Source/gd32f30x_exti.c ****     \retval     none
 236:Drivers/GD32F30x_standard_peripheral/Source/gd32f30x_exti.c **** */
 237:Drivers/GD32F30x_standard_peripheral/Source/gd32f30x_exti.c **** void exti_software_interrupt_enable(exti_line_enum linex)
 238:Drivers/GD32F30x_standard_peripheral/Source/gd32f30x_exti.c **** {
 499              		.loc 1 238 1 is_stmt 1 view -0
 500              		.cfi_startproc
 501              		@ args = 0, pretend = 0, frame = 0
 502              		@ frame_needed = 0, uses_anonymous_args = 0
 503              		@ link register save eliminated.
 239:Drivers/GD32F30x_standard_peripheral/Source/gd32f30x_exti.c ****     EXTI_SWIEV |= (uint32_t)linex;
 504              		.loc 1 239 5 view .LVU106
 505              		.loc 1 239 16 is_stmt 0 view .LVU107
 506 0000 034A     		ldr	r2, .L45
 507 0002 D2F81034 		ldr	r3, [r2, #1040]
 508 0006 0343     		orrs	r3, r3, r0
 509 0008 C2F81034 		str	r3, [r2, #1040]
 240:Drivers/GD32F30x_standard_peripheral/Source/gd32f30x_exti.c **** }
 510              		.loc 1 240 1 view .LVU108
 511 000c 7047     		bx	lr
 512              	.L46:
 513 000e 00BF     		.align	2
 514              	.L45:
 515 0010 00000140 		.word	1073807360
 516              		.cfi_endproc
 517              	.LFE126:
 519              		.section	.text.exti_software_interrupt_disable,"ax",%progbits
 520              		.align	1
 521              		.global	exti_software_interrupt_disable
 522              		.syntax unified
 523              		.thumb
 524              		.thumb_func
 526              	exti_software_interrupt_disable:
 527              	.LVL34:
 528              	.LFB127:
 241:Drivers/GD32F30x_standard_peripheral/Source/gd32f30x_exti.c **** 
 242:Drivers/GD32F30x_standard_peripheral/Source/gd32f30x_exti.c **** /*!
 243:Drivers/GD32F30x_standard_peripheral/Source/gd32f30x_exti.c ****     \brief      disable EXTI software interrupt event
 244:Drivers/GD32F30x_standard_peripheral/Source/gd32f30x_exti.c ****     \param[in]  linex: EXTI line number, refer to exti_line_enum
 245:Drivers/GD32F30x_standard_peripheral/Source/gd32f30x_exti.c ****                 only one parameter can be selected which is shown as below:
 246:Drivers/GD32F30x_standard_peripheral/Source/gd32f30x_exti.c ****       \arg        EXTI_x (x=0..19): EXTI line x
 247:Drivers/GD32F30x_standard_peripheral/Source/gd32f30x_exti.c ****     \param[out] none
 248:Drivers/GD32F30x_standard_peripheral/Source/gd32f30x_exti.c ****     \retval     none
 249:Drivers/GD32F30x_standard_peripheral/Source/gd32f30x_exti.c **** */
 250:Drivers/GD32F30x_standard_peripheral/Source/gd32f30x_exti.c **** void exti_software_interrupt_disable(exti_line_enum linex)
 251:Drivers/GD32F30x_standard_peripheral/Source/gd32f30x_exti.c **** {
 529              		.loc 1 251 1 is_stmt 1 view -0
 530              		.cfi_startproc
 531              		@ args = 0, pretend = 0, frame = 0
 532              		@ frame_needed = 0, uses_anonymous_args = 0
 533              		@ link register save eliminated.
 252:Drivers/GD32F30x_standard_peripheral/Source/gd32f30x_exti.c ****     EXTI_SWIEV &= ~(uint32_t)linex;
 534              		.loc 1 252 5 view .LVU110
 535              		.loc 1 252 16 is_stmt 0 view .LVU111
 536 0000 034A     		ldr	r2, .L48
 537 0002 D2F81034 		ldr	r3, [r2, #1040]
 538 0006 23EA0003 		bic	r3, r3, r0
 539 000a C2F81034 		str	r3, [r2, #1040]
ARM GAS  /tmp/ccsuOu7Y.s 			page 15


 253:Drivers/GD32F30x_standard_peripheral/Source/gd32f30x_exti.c **** }
 540              		.loc 1 253 1 view .LVU112
 541 000e 7047     		bx	lr
 542              	.L49:
 543              		.align	2
 544              	.L48:
 545 0010 00000140 		.word	1073807360
 546              		.cfi_endproc
 547              	.LFE127:
 549              		.text
 550              	.Letext0:
 551              		.file 2 "/home/arashamf/soft/ARM_toolchains/gcc-arm-none-eabi-10.3-2021.10/arm-none-eabi/include/m
 552              		.file 3 "/home/arashamf/soft/ARM_toolchains/gcc-arm-none-eabi-10.3-2021.10/arm-none-eabi/include/s
 553              		.file 4 "Drivers/CMSIS/GD/GD32F30x/Include/gd32f30x.h"
 554              		.file 5 "Drivers/GD32F30x_standard_peripheral/Include/gd32f30x_exti.h"
ARM GAS  /tmp/ccsuOu7Y.s 			page 16


DEFINED SYMBOLS
                            *ABS*:0000000000000000 gd32f30x_exti.c
     /tmp/ccsuOu7Y.s:18     .text.exti_deinit:0000000000000000 $t
     /tmp/ccsuOu7Y.s:24     .text.exti_deinit:0000000000000000 exti_deinit
     /tmp/ccsuOu7Y.s:54     .text.exti_deinit:000000000000001c $d
     /tmp/ccsuOu7Y.s:59     .text.exti_init:0000000000000000 $t
     /tmp/ccsuOu7Y.s:65     .text.exti_init:0000000000000000 exti_init
     /tmp/ccsuOu7Y.s:209    .text.exti_init:00000000000000b4 $d
     /tmp/ccsuOu7Y.s:214    .text.exti_interrupt_enable:0000000000000000 $t
     /tmp/ccsuOu7Y.s:220    .text.exti_interrupt_enable:0000000000000000 exti_interrupt_enable
     /tmp/ccsuOu7Y.s:239    .text.exti_interrupt_enable:0000000000000010 $d
     /tmp/ccsuOu7Y.s:244    .text.exti_event_enable:0000000000000000 $t
     /tmp/ccsuOu7Y.s:250    .text.exti_event_enable:0000000000000000 exti_event_enable
     /tmp/ccsuOu7Y.s:269    .text.exti_event_enable:0000000000000010 $d
     /tmp/ccsuOu7Y.s:274    .text.exti_interrupt_disable:0000000000000000 $t
     /tmp/ccsuOu7Y.s:280    .text.exti_interrupt_disable:0000000000000000 exti_interrupt_disable
     /tmp/ccsuOu7Y.s:299    .text.exti_interrupt_disable:0000000000000010 $d
     /tmp/ccsuOu7Y.s:304    .text.exti_event_disable:0000000000000000 $t
     /tmp/ccsuOu7Y.s:310    .text.exti_event_disable:0000000000000000 exti_event_disable
     /tmp/ccsuOu7Y.s:329    .text.exti_event_disable:0000000000000010 $d
     /tmp/ccsuOu7Y.s:334    .text.exti_flag_get:0000000000000000 $t
     /tmp/ccsuOu7Y.s:340    .text.exti_flag_get:0000000000000000 exti_flag_get
     /tmp/ccsuOu7Y.s:370    .text.exti_flag_get:0000000000000014 $d
     /tmp/ccsuOu7Y.s:375    .text.exti_flag_clear:0000000000000000 $t
     /tmp/ccsuOu7Y.s:381    .text.exti_flag_clear:0000000000000000 exti_flag_clear
     /tmp/ccsuOu7Y.s:398    .text.exti_flag_clear:0000000000000008 $d
     /tmp/ccsuOu7Y.s:403    .text.exti_interrupt_flag_get:0000000000000000 $t
     /tmp/ccsuOu7Y.s:409    .text.exti_interrupt_flag_get:0000000000000000 exti_interrupt_flag_get
     /tmp/ccsuOu7Y.s:457    .text.exti_interrupt_flag_get:0000000000000020 $d
     /tmp/ccsuOu7Y.s:462    .text.exti_interrupt_flag_clear:0000000000000000 $t
     /tmp/ccsuOu7Y.s:468    .text.exti_interrupt_flag_clear:0000000000000000 exti_interrupt_flag_clear
     /tmp/ccsuOu7Y.s:485    .text.exti_interrupt_flag_clear:0000000000000008 $d
     /tmp/ccsuOu7Y.s:490    .text.exti_software_interrupt_enable:0000000000000000 $t
     /tmp/ccsuOu7Y.s:496    .text.exti_software_interrupt_enable:0000000000000000 exti_software_interrupt_enable
     /tmp/ccsuOu7Y.s:515    .text.exti_software_interrupt_enable:0000000000000010 $d
     /tmp/ccsuOu7Y.s:520    .text.exti_software_interrupt_disable:0000000000000000 $t
     /tmp/ccsuOu7Y.s:526    .text.exti_software_interrupt_disable:0000000000000000 exti_software_interrupt_disable
     /tmp/ccsuOu7Y.s:545    .text.exti_software_interrupt_disable:0000000000000010 $d

NO UNDEFINED SYMBOLS
